        -:    0:Source:C:/Users/Enrique/UNI-CC232/assignments/assignment_1/src/two_sum.cc
        -:    0:Graph:build_cov/assignment_1/CMakeFiles/two_sum_basic_test.dir/src/two_sum.cc.gcno
        -:    0:Data:build_cov/assignment_1/CMakeFiles/two_sum_basic_test.dir/src/two_sum.cc.gcda
        -:    0:Runs:1
        -:    1:#include <unordered_map>
        -:    2:
        -:    3:#include "two_sum.hh"
        -:    4:
        -:    5:// https://leetcode.com/problems/two-sum/submissions/1965012909
        -:    6:/*
        -:    7:Usando un hash map para guardar los indices de los numeros que ya hemos visto, iteramos por el arreglo
        -:    8:y por cada numero calculamos el resto (target - nums[i]) y buscamos en el hash map si ese 
        -:    9:resto ya lo hemos visto antes. Si lo encontramos, entonces tenemos la solucion y retornamos los indices.
        -:   10:Si no lo encontramos, guardamos el numero actual en el hash map con su indice.
        -:   11:*/
function _Z7two_sumRKSt6vectorIiSaIiEEi called 1 returned 100% blocks executed 69%
        1:   12:std::vector<int> two_sum(const std::vector<int> &nums, int target) {
        1:   13:  std::unordered_map<int, int> indices;
call    0 returned 100%
        -:   14:
        2:   15:  for (int i = 0; i < nums.size(); ++i) {
call    0 returned 100%
branch  1 taken 100%
branch  2 taken 0% (fallthrough)
        2:   16:    int remainder = target - nums[i];
call    0 returned 100%
        -:   17:
        2:   18:    if (indices.find(remainder) != indices.end())
call    0 returned 100%
call    1 returned 100%
branch  2 taken 100% (fallthrough)
branch  3 taken 0% (throw)
call    4 returned 100%
branch  5 taken 50% (fallthrough)
branch  6 taken 50%
        3:   19:      return {indices[remainder], i};
call    0 returned 100%
branch  1 taken 100% (fallthrough)
branch  2 taken 0% (throw)
call    3 returned 100%
branch  4 taken 100% (fallthrough)
branch  5 taken 0% (throw)
        -:   20:
        1:   21:    indices[nums[i]] = i;
call    0 returned 100%
call    1 returned 100%
branch  2 taken 100% (fallthrough)
branch  3 taken 0% (throw)
        -:   22:  }
        -:   23:
    #####:   24:  return {};
call    0 never executed
        1:   25:}
call    0 returned 100%
call    1 never executed
        -:   26:
        -:   27:/*
        -:   28:Por fuerza bruta con bucle anidado.
        -:   29:Usa dos bucles anidados. El primer bucle (i) agarra un numero y el segundo bucle (j) lo compara con
        -:   30:todos los demas numeros del arreglo para ver si suman el target.
        -:   31:*/
function _Z13two_sum_naiveRKSt6vectorIiSaIiEEi called 0 returned 0% blocks executed 0%
    #####:   32:std::vector<int> two_sum_naive(const std::vector<int> &nums, int target) {
    #####:   33:  for (int i = 0; i < nums.size(); ++i) {
call    0 never executed
branch  1 never executed
branch  2 never executed (fallthrough)
    #####:   34:    for (int j = i + 1; j < nums.size(); ++j) {
call    0 never executed
branch  1 never executed
branch  2 never executed (fallthrough)
    #####:   35:      if (nums[i] + nums[j] == target)
call    0 never executed
call    1 never executed
branch  2 never executed (fallthrough)
branch  3 never executed
    #####:   36:        return {i, j};
call    0 never executed
branch  1 never executed (fallthrough)
branch  2 never executed (throw)
        -:   37:    }
        -:   38:  }
        -:   39:
    #####:   40:  return {};
call    0 never executed
        -:   41:}
